<?xml version="1.0" encoding="UTF-8"?>
<!-- Generated by org.testng.reporters.JUnitReportReporter -->
<testsuite name="RestAssured.RestAssured.HeadersDemo" tests="1" time="1.931" ignored="0" failures="0" timestamp="26 Mar 2023 15:07:12 GMT" skipped="0" hostname="LAPTOP-OQ1VQTOM" errors="0">
  <testcase name="testHeaders" time="1.931" classname="RestAssured.RestAssured.HeadersDemo"/>
</testsuite> <!-- RestAssured.RestAssured.HeadersDemo -->
