<?xml version="1.0" encoding="UTF-8"?>
<!-- Generated by org.testng.reporters.JUnitReportReporter -->
<testsuite name="RestAssured.RestAssured.LoggingDemo" tests="1" time="1.570" ignored="0" failures="0" timestamp="26 Mar 2023 15:15:53 GMT" skipped="0" hostname="LAPTOP-OQ1VQTOM" errors="0">
  <testcase name="testLogs" time="1.570" classname="RestAssured.RestAssured.LoggingDemo"/>
</testsuite> <!-- RestAssured.RestAssured.LoggingDemo -->
