<?xml version="1.0" encoding="UTF-8"?>
<!-- Generated by org.testng.reporters.JUnitReportReporter -->
<testsuite name="RestAssured.RestAssured.DiffWaysToCreatePostRequestBody" tests="2" time="2.052" ignored="0" failures="0" timestamp="26 Mar 2023 13:15:45 GMT" skipped="0" hostname="LAPTOP-OQ1VQTOM" errors="0">
  <testcase name="testPostusingExternalJsonFile" time="2.001" classname="RestAssured.RestAssured.DiffWaysToCreatePostRequestBody"/>
  <testcase name="testDelete" time="0.051" classname="RestAssured.RestAssured.DiffWaysToCreatePostRequestBody"/>
</testsuite> <!-- RestAssured.RestAssured.DiffWaysToCreatePostRequestBody -->
