<?xml version="1.0" encoding="UTF-8"?>
<!-- Generated by org.testng.reporters.JUnitReportReporter -->
<testsuite name="RestAssured.RestAssured.ParsingJSONReponseData" tests="1" time="2.208" ignored="0" failures="0" timestamp="26 Mar 2023 21:52:12 GMT" skipped="0" hostname="LAPTOP-OQ1VQTOM" errors="0">
  <testcase name="testJSONResponse" time="2.208" classname="RestAssured.RestAssured.ParsingJSONReponseData"/>
</testsuite> <!-- RestAssured.RestAssured.ParsingJSONReponseData -->
