<?xml version="1.0" encoding="UTF-8"?>
<!-- Generated by org.testng.reporters.JUnitReportReporter -->
<testsuite name="RestAssured.RestAssured.CookiesDemo" tests="1" time="1.970" ignored="0" failures="0" timestamp="26 Mar 2023 14:37:13 GMT" skipped="0" hostname="LAPTOP-OQ1VQTOM" errors="0">
  <testcase name="getCookiesInfo" time="1.970" classname="RestAssured.RestAssured.CookiesDemo"/>
</testsuite> <!-- RestAssured.RestAssured.CookiesDemo -->
