<?xml version="1.0" encoding="UTF-8"?>
<!-- Generated by org.testng.reporters.JUnitReportReporter -->
<testsuite name="RestAssured.RestAssured.PathAndQueryParameters" tests="1" time="1.849" ignored="0" failures="0" timestamp="26 Mar 2023 14:05:32 GMT" skipped="0" hostname="LAPTOP-OQ1VQTOM" errors="0">
  <testcase name="testQueryAndPathParameters" time="1.849" classname="RestAssured.RestAssured.PathAndQueryParameters"/>
</testsuite> <!-- RestAssured.RestAssured.PathAndQueryParameters -->
